<?xml version="1.0" encoding="UTF-8"?>
<!-- Generated by org.testng.reporters.JUnitXMLReporter -->
<testsuite ignored="0" hostname="LAPTOP-FAP6QC75" failures="1" tests="1" name="Test" time="66.265" errors="0" timestamp="2020-11-24T08:15:04 PST">
  <testcase classname="uiTestCases.EndToEndTest_motorcycle" name="insuranseCalculate" time="44.469">
    <failure type="java.lang.Exception" message="Value [100000] is not present in dropdown list">
      <![CDATA[java.lang.Exception: Value [100000] is not present in dropdown list
at reusableUtilities.CommonMethods.selectDropdownOptionByVisibleText(CommonMethods.java:33)
at pageObjects.EnterProductData.enterProductData(EnterProductData.java:35)
at uiTestCases.EndToEndTest_motorcycle.insuranseCalculate(EndToEndTest_motorcycle.java:16)
at java.base/java.util.ArrayList.forEach(ArrayList.java:1540)
... Removed 27 stack frames]]>
    </failure>
  </testcase> <!-- insuranseCalculate -->
</testsuite> <!-- Test -->
