<?xml version="1.0" encoding="UTF-8"?>
<testng-results ignored="0" total="1" passed="1" failed="0" skipped="0">
  <reporter-output>
  </reporter-output>
  <suite started-at="2020-11-24T10:38:32 PST" name="Default suite" finished-at="2020-11-24T10:39:01 PST" duration-ms="29518">
    <groups>
    </groups>
    <test started-at="2020-11-24T10:38:32 PST" name="Default test" finished-at="2020-11-24T10:39:01 PST" duration-ms="29518">
      <class name="uiTestCases.EndToEndTest_motorcycle">
        <test-method is-config="true" signature="setUp()[pri:0, instance:uiTestCases.EndToEndTest_motorcycle@2e1d27ba]" started-at="2020-11-24T10:38:32 PST" name="setUp" finished-at="2020-11-24T10:38:43 PST" duration-ms="11256" status="PASS">
          <reporter-output>
          </reporter-output>
        </test-method> <!-- setUp -->
        <test-method signature="insuranseCalculate()[pri:0, instance:uiTestCases.EndToEndTest_motorcycle@2e1d27ba]" started-at="2020-11-24T10:38:43 PST" name="insuranseCalculate" finished-at="2020-11-24T10:39:00 PST" duration-ms="17364" status="PASS">
          <reporter-output>
          </reporter-output>
        </test-method> <!-- insuranseCalculate -->
        <test-method is-config="true" signature="tearDown()[pri:0, instance:uiTestCases.EndToEndTest_motorcycle@2e1d27ba]" started-at="2020-11-24T10:39:00 PST" name="tearDown" finished-at="2020-11-24T10:39:01 PST" duration-ms="824" status="PASS">
          <reporter-output>
          </reporter-output>
        </test-method> <!-- tearDown -->
      </class> <!-- uiTestCases.EndToEndTest_motorcycle -->
    </test> <!-- Default test -->
  </suite> <!-- Default suite -->
</testng-results>
